2022-04-27 17:26:23,748 INFO autoreload Watching for file changes with StatReloader
2022-04-27 17:26:27,567 INFO basehttp "GET / HTTP/1.1" 302 0
2022-04-27 17:26:27,634 INFO basehttp "GET /accounts/login/?next=/ HTTP/1.1" 200 1878
2022-04-27 17:26:33,237 INFO basehttp "GET /accounts/login/ HTTP/1.1" 200 1809
2022-04-27 17:26:34,994 INFO basehttp "GET /accounts/google/login/?process=login HTTP/1.1" 200 636
2022-04-27 17:26:36,564 INFO basehttp "POST /accounts/google/login/?process=login HTTP/1.1" 302 0
2022-04-27 17:26:38,007 INFO basehttp "GET /accounts/google/login/callback/?state=xldfcou5XnHE&code=4%2F0AX4XfWj3BfHouVoXSGWH19KSFILy9XsssPSs_w4hnAhWIg54aZBb-Y4Eh-jPbG8kjO2IdQ&scope=email+profile+openid+https%3A%2F%2Fwww.googleapis.com%2Fauth%2Fuserinfo.profile+https%3A%2F%2Fwww.googleapis.com%2Fauth%2Fuserinfo.email&authuser=0&prompt=none HTTP/1.1" 302 0
2022-04-27 17:26:38,034 INFO basehttp "GET / HTTP/1.1" 200 2213
2022-04-27 17:26:52,140 INFO basehttp "GET /news/ HTTP/1.1" 200 8931
2022-04-27 17:26:53,841 INFO basehttp "GET /news_edit/16/ HTTP/1.1" 200 3097
2022-04-27 17:26:55,191 INFO basehttp "GET /news_edit/16/del_subscribe/?pk=5 HTTP/1.1" 302 0
2022-04-27 17:26:55,215 INFO basehttp "GET /news/ HTTP/1.1" 200 8931
2022-04-27 17:26:56,997 INFO basehttp "GET /news/ HTTP/1.1" 200 8931
2022-04-27 17:26:59,344 INFO basehttp "GET /news/ HTTP/1.1" 200 8931
2022-04-27 17:27:01,350 INFO basehttp "GET /news_edit/7/ HTTP/1.1" 200 3193
2022-04-27 17:27:02,539 INFO basehttp "GET /news_edit/7/del_subscribe/?pk=2 HTTP/1.1" 302 0
2022-04-27 17:27:02,563 INFO basehttp "GET /news/ HTTP/1.1" 200 8931
2022-04-27 17:27:04,125 INFO basehttp "GET /news_edit/11/ HTTP/1.1" 200 3348
2022-04-27 17:27:05,829 INFO basehttp "GET / HTTP/1.1" 200 2213
2022-04-27 17:27:07,430 INFO basehttp "GET /sign/logout/ HTTP/1.1" 200 1901
2022-04-27 17:27:32,084 INFO basehttp - Broken pipe from ('127.0.0.1', 50500)

2023-06-07 01:31:27,431 INFO autoreload Watching for file changes with StatReloader
2023-06-07 01:31:31,440 INFO basehttp "GET / HTTP/1.1" 302 0
2023-06-07 01:31:31,534 INFO basehttp "GET /accounts/login/?next=/ HTTP/1.1" 200 2030
2023-06-07 01:32:14,892 INFO basehttp "GET /accounts/google/login/?process=login&next=%2F HTTP/1.1" 200 870
2023-06-07 01:32:16,526 INFO basehttp "POST /accounts/google/login/?process=login&next=%2F HTTP/1.1" 302 0
2023-06-07 01:32:21,373 INFO basehttp "GET /accounts/google/login/?process=login&next=%2F HTTP/1.1" 200 870
2023-06-07 01:48:02,222 INFO autoreload Watching for file changes with StatReloader
2023-06-07 01:48:05,059 INFO basehttp "GET / HTTP/1.1" 302 0
2023-06-07 01:48:05,106 INFO basehttp "GET /accounts/login/?next=/ HTTP/1.1" 200 2030
2023-06-07 01:48:19,529 INFO basehttp "GET /admin HTTP/1.1" 301 0
2023-06-07 01:48:19,570 INFO basehttp "GET /admin/ HTTP/1.1" 302 0
2023-06-07 01:48:19,634 INFO basehttp "GET /admin/login/?next=/admin/ HTTP/1.1" 200 2304
2023-06-07 01:48:19,682 WARNING log Not Found: /static/admin/css/base.css
2023-06-07 01:48:19,682 WARNING basehttp "GET /static/admin/css/base.css HTTP/1.1" 404 179
2023-06-07 01:48:19,698 WARNING log Not Found: /static/admin/css/nav_sidebar.css
2023-06-07 01:48:19,698 WARNING basehttp "GET /static/admin/css/nav_sidebar.css HTTP/1.1" 404 179
2023-06-07 01:48:19,698 WARNING log Not Found: /static/admin/css/dark_mode.css
2023-06-07 01:48:19,714 WARNING basehttp "GET /static/admin/css/dark_mode.css HTTP/1.1" 404 179
2023-06-07 01:48:19,714 WARNING log Not Found: /static/admin/css/login.css
2023-06-07 01:48:19,714 WARNING basehttp "GET /static/admin/css/login.css HTTP/1.1" 404 179
2023-06-07 01:48:19,722 WARNING log Not Found: /static/admin/js/nav_sidebar.js
2023-06-07 01:48:19,722 WARNING basehttp "GET /static/admin/js/nav_sidebar.js HTTP/1.1" 404 179
2023-06-07 01:48:19,730 WARNING log Not Found: /static/admin/css/responsive.css
2023-06-07 01:48:19,730 WARNING basehttp "GET /static/admin/css/responsive.css HTTP/1.1" 404 179
2023-06-07 01:48:30,325 INFO basehttp "POST /admin/login/?next=/admin/ HTTP/1.1" 302 0
2023-06-07 01:48:30,365 INFO basehttp "GET /admin/ HTTP/1.1" 200 11273
2023-06-07 01:48:30,405 WARNING log Not Found: /static/admin/css/dark_mode.css
2023-06-07 01:48:30,405 WARNING log Not Found: /static/admin/css/nav_sidebar.css
2023-06-07 01:48:30,405 WARNING basehttp "GET /static/admin/css/dark_mode.css HTTP/1.1" 404 179
2023-06-07 01:48:30,413 WARNING basehttp "GET /static/admin/css/nav_sidebar.css HTTP/1.1" 404 179
2023-06-07 01:48:30,413 WARNING log Not Found: /static/admin/css/base.css
2023-06-07 01:48:30,413 WARNING basehttp "GET /static/admin/css/base.css HTTP/1.1" 404 179
2023-06-07 01:48:30,413 WARNING log Not Found: /static/admin/css/dashboard.css
2023-06-07 01:48:30,413 WARNING log Not Found: /static/admin/css/responsive.css
2023-06-07 01:48:30,413 WARNING basehttp "GET /static/admin/css/dashboard.css HTTP/1.1" 404 179
2023-06-07 01:48:30,413 WARNING basehttp "GET /static/admin/css/responsive.css HTTP/1.1" 404 179
2023-06-07 01:48:30,445 WARNING log Not Found: /static/admin/js/nav_sidebar.js
2023-06-07 01:48:30,445 WARNING basehttp "GET /static/admin/js/nav_sidebar.js HTTP/1.1" 404 179
2023-06-07 01:48:42,201 INFO basehttp "GET / HTTP/1.1" 200 2079
2023-06-07 01:48:53,302 INFO basehttp "GET /news/ HTTP/1.1" 200 8931
2023-06-07 01:48:55,113 INFO basehttp "GET /contacts/ HTTP/1.1" 200 2078
2023-06-07 01:49:03,790 INFO basehttp "GET /admin/ HTTP/1.1" 200 11273
2023-06-07 01:49:03,838 WARNING log Not Found: /static/admin/css/base.css
2023-06-07 01:49:03,838 WARNING basehttp "GET /static/admin/css/base.css HTTP/1.1" 404 179
2023-06-07 01:49:03,846 WARNING log Not Found: /static/admin/css/dark_mode.css
2023-06-07 01:49:03,854 WARNING basehttp "GET /static/admin/css/dark_mode.css HTTP/1.1" 404 179
2023-06-07 01:49:03,854 WARNING log Not Found: /static/admin/js/nav_sidebar.js
2023-06-07 01:49:03,862 WARNING log Not Found: /static/admin/css/nav_sidebar.css
2023-06-07 01:49:03,862 WARNING log Not Found: /static/admin/css/dashboard.css
2023-06-07 01:49:03,862 WARNING basehttp "GET /static/admin/js/nav_sidebar.js HTTP/1.1" 404 179
2023-06-07 01:49:03,862 WARNING log Not Found: /static/admin/css/responsive.css
2023-06-07 01:49:03,862 WARNING basehttp "GET /static/admin/css/dashboard.css HTTP/1.1" 404 179
2023-06-07 01:49:03,862 WARNING basehttp "GET /static/admin/css/nav_sidebar.css HTTP/1.1" 404 179
2023-06-07 01:49:03,862 WARNING basehttp "GET /static/admin/css/responsive.css HTTP/1.1" 404 179
2023-06-07 01:49:31,289 INFO basehttp "GET / HTTP/1.1" 302 0
2023-06-07 01:49:31,305 INFO basehttp "GET /accounts/login/?next=/ HTTP/1.1" 200 2030
2023-06-07 01:49:37,913 INFO basehttp "GET /admin/ HTTP/1.1" 302 0
2023-06-07 01:49:37,951 INFO basehttp "GET /admin/login/?next=/admin/ HTTP/1.1" 200 2304
2023-06-07 01:49:38,023 WARNING log Not Found: /static/admin/css/base.css
2023-06-07 01:49:38,023 WARNING basehttp "GET /static/admin/css/base.css HTTP/1.1" 404 179
2023-06-07 01:49:38,039 WARNING log Not Found: /static/admin/css/dark_mode.css
2023-06-07 01:49:38,039 WARNING log Not Found: /static/admin/css/login.css
2023-06-07 01:49:38,039 WARNING basehttp "GET /static/admin/css/dark_mode.css HTTP/1.1" 404 179
2023-06-07 01:49:38,039 WARNING log Not Found: /static/admin/css/responsive.css
2023-06-07 01:49:38,052 WARNING log Not Found: /static/admin/css/nav_sidebar.css
2023-06-07 01:49:38,052 WARNING basehttp "GET /static/admin/css/login.css HTTP/1.1" 404 179
2023-06-07 01:49:38,052 WARNING basehttp "GET /static/admin/css/responsive.css HTTP/1.1" 404 179
2023-06-07 01:49:38,052 WARNING basehttp "GET /static/admin/css/nav_sidebar.css HTTP/1.1" 404 179
2023-06-07 01:49:38,055 WARNING log Not Found: /static/admin/js/nav_sidebar.js
2023-06-07 01:49:38,055 WARNING basehttp "GET /static/admin/js/nav_sidebar.js HTTP/1.1" 404 179
2023-06-07 01:49:51,026 INFO basehttp "POST /admin/login/?next=/admin/ HTTP/1.1" 302 0
2023-06-07 01:49:51,057 INFO basehttp "GET /admin/ HTTP/1.1" 200 11273
2023-06-07 01:49:51,136 WARNING log Not Found: /static/admin/css/base.css
2023-06-07 01:49:51,136 WARNING basehttp "GET /static/admin/css/base.css HTTP/1.1" 404 179
2023-06-07 01:49:51,180 WARNING log Not Found: /static/admin/css/nav_sidebar.css
2023-06-07 01:49:51,180 WARNING basehttp "GET /static/admin/css/nav_sidebar.css HTTP/1.1" 404 179
2023-06-07 01:49:51,183 WARNING log Not Found: /static/admin/js/nav_sidebar.js
2023-06-07 01:49:51,183 WARNING basehttp "GET /static/admin/js/nav_sidebar.js HTTP/1.1" 404 179
2023-06-07 01:49:51,183 WARNING log Not Found: /static/admin/css/responsive.css
2023-06-07 01:49:51,183 WARNING log Not Found: /static/admin/css/dashboard.css
2023-06-07 01:49:51,183 WARNING basehttp "GET /static/admin/css/responsive.css HTTP/1.1" 404 179
2023-06-07 01:49:51,183 WARNING log Not Found: /static/admin/css/dark_mode.css
2023-06-07 01:49:51,183 WARNING basehttp "GET /static/admin/css/dashboard.css HTTP/1.1" 404 179
2023-06-07 01:49:51,183 WARNING basehttp "GET /static/admin/css/dark_mode.css HTTP/1.1" 404 179
2023-06-07 01:50:31,647 INFO basehttp "GET /admin/socialaccount/socialaccount/ HTTP/1.1" 200 13586
2023-06-07 01:50:31,694 WARNING log Not Found: /static/admin/css/base.css
2023-06-07 01:50:31,694 WARNING basehttp "GET /static/admin/css/base.css HTTP/1.1" 404 179
2023-06-07 01:50:31,710 WARNING log Not Found: /static/admin/css/responsive.css
2023-06-07 01:50:31,712 WARNING basehttp "GET /static/admin/css/responsive.css HTTP/1.1" 404 179
2023-06-07 01:50:31,712 WARNING log Not Found: /static/admin/css/dark_mode.css
2023-06-07 01:50:31,721 WARNING basehttp "GET /static/admin/css/dark_mode.css HTTP/1.1" 404 179
2023-06-07 01:50:31,725 WARNING log Not Found: /static/admin/css/nav_sidebar.css
2023-06-07 01:50:31,726 WARNING log Not Found: /static/admin/css/changelists.css
2023-06-07 01:50:31,727 WARNING basehttp "GET /static/admin/css/nav_sidebar.css HTTP/1.1" 404 179
2023-06-07 01:50:31,728 WARNING log Not Found: /static/admin/js/vendor/xregexp/xregexp.min.js
2023-06-07 01:50:31,728 WARNING basehttp "GET /static/admin/css/changelists.css HTTP/1.1" 404 179
2023-06-07 01:50:31,729 WARNING log Not Found: /static/admin/js/nav_sidebar.js
2023-06-07 01:50:31,736 WARNING log Not Found: /static/admin/js/vendor/jquery/jquery.min.js
2023-06-07 01:50:31,737 WARNING basehttp "GET /static/admin/js/vendor/xregexp/xregexp.min.js HTTP/1.1" 404 179
2023-06-07 01:50:31,738 WARNING log Not Found: /static/admin/js/jquery.init.js
2023-06-07 01:50:31,741 WARNING basehttp "GET /static/admin/js/vendor/jquery/jquery.min.js HTTP/1.1" 404 179
2023-06-07 01:50:31,742 WARNING basehttp "GET /static/admin/js/nav_sidebar.js HTTP/1.1" 404 179
2023-06-07 01:50:31,742 WARNING log Not Found: /static/admin/js/core.js
2023-06-07 01:50:31,743 WARNING basehttp "GET /static/admin/js/jquery.init.js HTTP/1.1" 404 179
2023-06-07 01:50:31,747 WARNING basehttp "GET /static/admin/js/core.js HTTP/1.1" 404 179
2023-06-07 01:50:31,757 WARNING log Not Found: /static/admin/js/actions.js
2023-06-07 01:50:31,758 WARNING log Not Found: /static/admin/js/admin/RelatedObjectLookups.js
2023-06-07 01:50:31,759 WARNING basehttp "GET /static/admin/js/actions.js HTTP/1.1" 404 179
2023-06-07 01:50:31,759 WARNING basehttp "GET /static/admin/js/admin/RelatedObjectLookups.js HTTP/1.1" 404 179
2023-06-07 01:50:31,760 WARNING log Not Found: /static/admin/js/prepopulate.js
2023-06-07 01:50:31,760 WARNING basehttp "GET /static/admin/js/prepopulate.js HTTP/1.1" 404 179
2023-06-07 01:50:31,763 WARNING log Not Found: /static/admin/js/filters.js
2023-06-07 01:50:31,766 INFO basehttp "GET /admin/jsi18n/ HTTP/1.1" 200 16066
2023-06-07 01:50:31,769 WARNING log Not Found: /static/admin/js/urlify.js
2023-06-07 01:50:31,769 WARNING basehttp "GET /static/admin/js/filters.js HTTP/1.1" 404 179
2023-06-07 01:50:31,770 WARNING basehttp "GET /static/admin/js/urlify.js HTTP/1.1" 404 179
2023-06-07 01:50:31,777 WARNING log Not Found: /static/admin/js/vendor/jquery/jquery.min.js
2023-06-07 01:50:31,777 WARNING log Not Found: /static/admin/img/search.svg
2023-06-07 01:50:31,778 WARNING basehttp "GET /static/admin/js/vendor/jquery/jquery.min.js HTTP/1.1" 404 179
2023-06-07 01:50:31,778 WARNING basehttp "GET /static/admin/img/search.svg HTTP/1.1" 404 179
2023-06-07 01:50:31,786 WARNING log Not Found: /static/admin/js/jquery.init.js
2023-06-07 01:50:31,786 WARNING basehttp "GET /static/admin/js/jquery.init.js HTTP/1.1" 404 179
2023-06-07 01:50:31,793 WARNING log Not Found: /static/admin/js/core.js
2023-06-07 01:50:31,794 WARNING basehttp "GET /static/admin/js/core.js HTTP/1.1" 404 179
2023-06-07 01:50:31,801 WARNING log Not Found: /static/admin/js/admin/RelatedObjectLookups.js
2023-06-07 01:50:31,802 WARNING basehttp "GET /static/admin/js/admin/RelatedObjectLookups.js HTTP/1.1" 404 179
2023-06-07 01:50:31,808 WARNING log Not Found: /static/admin/js/actions.js
2023-06-07 01:50:31,808 WARNING basehttp "GET /static/admin/js/actions.js HTTP/1.1" 404 179
2023-06-07 01:50:31,815 WARNING log Not Found: /static/admin/js/urlify.js
2023-06-07 01:50:31,816 WARNING basehttp "GET /static/admin/js/urlify.js HTTP/1.1" 404 179
2023-06-07 01:50:31,823 WARNING log Not Found: /static/admin/js/prepopulate.js
2023-06-07 01:50:31,823 WARNING basehttp "GET /static/admin/js/prepopulate.js HTTP/1.1" 404 179
2023-06-07 01:50:31,829 WARNING log Not Found: /static/admin/js/vendor/xregexp/xregexp.min.js
2023-06-07 01:50:31,829 WARNING basehttp "GET /static/admin/js/vendor/xregexp/xregexp.min.js HTTP/1.1" 404 179
2023-06-07 01:50:31,838 WARNING log Not Found: /static/admin/js/filters.js
2023-06-07 01:50:31,839 WARNING log Not Found: /static/admin/css/responsive.css
2023-06-07 01:50:31,840 WARNING basehttp "GET /static/admin/css/responsive.css HTTP/1.1" 404 179
2023-06-07 01:50:31,840 WARNING basehttp "GET /static/admin/js/filters.js HTTP/1.1" 404 179
2023-06-07 01:50:31,844 WARNING log Not Found: /static/admin/img/search.svg
2023-06-07 01:50:31,845 WARNING basehttp "GET /static/admin/img/search.svg HTTP/1.1" 404 179
